<?xml version="1.0" encoding="UTF-8"?>
<!-- Generated by org.testng.reporters.JUnitReportReporter -->
<testsuite skipped="1" hostname="DESKTOP-27L8JE7" name="com.project.JuneMavenSelenium6_30PMBatch.TC_001" tests="3" failures="0" timestamp="18 Jun 2020 13:40:16 GMT" time="0.015" errors="0">
  <testcase name="f" time="0.009" classname="com.project.JuneMavenSelenium6_30PMBatch.TC_001"/>
  <testcase name="a" time="0.006" classname="com.project.JuneMavenSelenium6_30PMBatch.TC_001"/>
  <testcase name="z" classname="com.project.JuneMavenSelenium6_30PMBatch.TC_001">
    <skipped/>
  </testcase> <!-- z -->
</testsuite> <!-- com.project.JuneMavenSelenium6_30PMBatch.TC_001 -->
