<?xml version="1.0" encoding="UTF-8"?>
<!-- Generated by org.testng.reporters.JUnitReportReporter -->
<testsuite skipped="0" hostname="DESKTOP-27L8JE7" name="com.project.JuneMavenSelenium6_30PMBatch.RadioButton1" tests="1" failures="0" timestamp="22 Jun 2020 13:49:15 GMT" time="14.855" errors="0">
  <testcase name="radioButton" time="14.855" classname="com.project.JuneMavenSelenium6_30PMBatch.RadioButton1"/>
</testsuite> <!-- com.project.JuneMavenSelenium6_30PMBatch.RadioButton1 -->
