<?xml version="1.0" encoding="UTF-8"?>
<!-- Generated by org.testng.reporters.JUnitReportReporter -->
<testsuite skipped="0" hostname="DESKTOP-27L8JE7" name="suiteB.TestB3" tests="1" failures="0" timestamp="22 Jun 2020 13:31:02 GMT" time="3.000" errors="0">
  <testcase name="f" time="3.000" classname="suiteB.TestB3"/>
</testsuite> <!-- suiteB.TestB3 -->
