<?xml version="1.0" encoding="UTF-8"?>
<!-- Generated by org.testng.reporters.JUnitReportReporter -->
<testsuite skipped="0" hostname="DESKTOP-27L8JE7" name="alerts.AlertHandling" tests="1" failures="0" timestamp="14 Jul 2020 09:51:29 GMT" time="25.289" errors="0">
  <testcase name="f" time="25.289" classname="alerts.AlertHandling"/>
</testsuite> <!-- alerts.AlertHandling -->
