<?xml version="1.0" encoding="UTF-8"?>
<!-- Generated by org.testng.reporters.JUnitReportReporter -->
<testsuite skipped="0" hostname="DESKTOP-27L8JE7" name="com.project.JuneMavenSelenium6_30PMBatch.LinksTesting1" tests="1" failures="0" timestamp="19 Jun 2020 13:32:04 GMT" time="12.179" errors="0">
  <testcase name="linktesting1" time="12.179" classname="com.project.JuneMavenSelenium6_30PMBatch.LinksTesting1"/>
</testsuite> <!-- com.project.JuneMavenSelenium6_30PMBatch.LinksTesting1 -->
