<?xml version="1.0" encoding="UTF-8"?>
<!-- Generated by org.testng.reporters.JUnitReportReporter -->
<testsuite skipped="0" hostname="DESKTOP-G35C2NK" name="com.project.JuneMavenSelenium6_30PMBatch.TC_002" tests="1" failures="0" timestamp="24 Jul 2020 13:34:39 GMT" time="16.561" errors="0">
  <testcase name="amazon" time="16.561" classname="com.project.JuneMavenSelenium6_30PMBatch.TC_002"/>
</testsuite> <!-- com.project.JuneMavenSelenium6_30PMBatch.TC_002 -->
