<?xml version="1.0" encoding="UTF-8"?>
<!-- Generated by org.testng.reporters.JUnitReportReporter -->
<testsuite skipped="0" hostname="DESKTOP-27L8JE7" name="excelOperations.DataManagementWithHashTable" tests="3" failures="0" timestamp="01 Jul 2020 14:04:07 GMT" time="0.038" errors="0">
  <testcase name="f" time="0.006" classname="excelOperations.DataManagementWithHashTable"/>
  <testcase name="f" time="0.004" classname="excelOperations.DataManagementWithHashTable"/>
  <testcase name="f" time="0.028" classname="excelOperations.DataManagementWithHashTable"/>
</testsuite> <!-- excelOperations.DataManagementWithHashTable -->
