<?xml version="1.0" encoding="UTF-8"?>
<!-- Generated by org.testng.reporters.JUnitReportReporter -->
<testsuite skipped="0" hostname="DESKTOP-27L8JE7" name="alerts.FileUpload" tests="1" failures="0" timestamp="14 Jul 2020 10:26:33 GMT" time="20.063" errors="0">
  <testcase name="fileupload" time="20.063" classname="alerts.FileUpload"/>
</testsuite> <!-- alerts.FileUpload -->
