<?xml version="1.0" encoding="UTF-8"?>
<!-- Generated by org.testng.reporters.JUnitReportReporter -->
<testsuite skipped="2" hostname="DESKTOP-27L8JE7" name="com.project.JuneMavenSelenium6_30PMBatch.TestDependency" tests="4" failures="0" timestamp="23 Jun 2020 13:21:27 GMT" time="0.027" errors="0">
  <testcase name="orange" time="0.021" classname="com.project.JuneMavenSelenium6_30PMBatch.TestDependency"/>
  <testcase name="white" time="0.003" classname="com.project.JuneMavenSelenium6_30PMBatch.TestDependency"/>
  <testcase name="blue" time="0.002" classname="com.project.JuneMavenSelenium6_30PMBatch.TestDependency">
    <skipped/>
  </testcase> <!-- blue -->
  <testcase name="green" time="0.001" classname="com.project.JuneMavenSelenium6_30PMBatch.TestDependency">
    <skipped/>
  </testcase> <!-- green -->
</testsuite> <!-- com.project.JuneMavenSelenium6_30PMBatch.TestDependency -->
