<?xml version="1.0" encoding="UTF-8"?>
<!-- Generated by org.testng.reporters.JUnitReportReporter -->
<testsuite skipped="1" hostname="DESKTOP-27L8JE7" name="pageObjectFactory.Login" tests="2" failures="0" timestamp="03 Jul 2020 14:19:49 GMT" time="24.812" errors="0">
  <testcase name="custRegistration" time="24.812" classname="pageObjectFactory.Login"/>
  <testcase name="login" classname="pageObjectFactory.Login">
    <skipped/>
  </testcase> <!-- login -->
</testsuite> <!-- pageObjectFactory.Login -->
