<?xml version="1.0" encoding="UTF-8"?>
<!-- Generated by org.testng.reporters.JUnitReportReporter -->
<testsuite skipped="0" hostname="DESKTOP-27L8JE7" name="excelOperations.DataProviderDemo" tests="2" failures="0" timestamp="01 Jul 2020 13:18:05 GMT" time="0.023" errors="0">
  <testcase name="f" time="0.019" classname="excelOperations.DataProviderDemo"/>
  <testcase name="f" time="0.004" classname="excelOperations.DataProviderDemo"/>
</testsuite> <!-- excelOperations.DataProviderDemo -->
