<?xml version="1.0" encoding="UTF-8"?>
<!-- Generated by org.testng.reporters.JUnitReportReporter -->
<testsuite skipped="0" hostname="DESKTOP-27L8JE7" name="com.project.JuneMavenSelenium6_30PMBatch.parallel.TestNGParallelMethods" tests="2" failures="0" timestamp="19 Jun 2020 14:07:51 GMT" time="39.989" errors="0">
  <testcase name="test1" time="19.995" classname="com.project.JuneMavenSelenium6_30PMBatch.parallel.TestNGParallelMethods"/>
  <testcase name="test2" time="19.994" classname="com.project.JuneMavenSelenium6_30PMBatch.parallel.TestNGParallelMethods"/>
</testsuite> <!-- com.project.JuneMavenSelenium6_30PMBatch.parallel.TestNGParallelMethods -->
